d:\work\stuff\id\quake\repo\quakerefresh\build\quakerefresh\qwcl\debug\vc120.pdb
d:\work\stuff\id\quake\repo\quakerefresh\build\quakerefresh\qwcl\debug\vc120.idb
d:\work\stuff\id\quake\repo\quakerefresh\build\quakerefresh\qwcl\debug\keys.obj
d:\work\stuff\id\quake\repo\quakerefresh\build\quakerefresh\qwcl\debug\mathlib.obj
d:\work\stuff\id\quake\repo\quakerefresh\build\quakerefresh\qwcl\debug\md4.obj
d:\work\stuff\id\quake\repo\quakerefresh\build\quakerefresh\qwcl\debug\menu.obj
d:\work\stuff\id\quake\repo\quakerefresh\build\quakerefresh\qwcl\debug\net_chan.obj
d:\work\stuff\id\quake\repo\quakerefresh\build\quakerefresh\qwcl\debug\net_wins.obj
d:\work\stuff\id\quake\repo\quakerefresh\build\quakerefresh\qwcl\debug\nonintel.obj
d:\work\stuff\id\quake\repo\quakerefresh\build\quakerefresh\qwcl\debug\pmove.obj
d:\work\stuff\id\quake\repo\quakerefresh\build\quakerefresh\qwcl\debug\pmovetst.obj
d:\work\stuff\id\quake\repo\quakerefresh\build\quakerefresh\qwcl\debug\r_part.obj
d:\work\stuff\id\quake\repo\quakerefresh\build\quakerefresh\qwcl\debug\sbar.obj
d:\work\stuff\id\quake\repo\quakerefresh\build\quakerefresh\qwcl\debug\skin.obj
d:\work\stuff\id\quake\repo\quakerefresh\build\quakerefresh\qwcl\debug\snd_dma.obj
d:\work\stuff\id\quake\repo\quakerefresh\build\quakerefresh\qwcl\debug\snd_mem.obj
d:\work\stuff\id\quake\repo\quakerefresh\build\quakerefresh\qwcl\debug\snd_mix.obj
d:\work\stuff\id\quake\repo\quakerefresh\build\quakerefresh\qwcl\debug\snd_win.obj
d:\work\stuff\id\quake\repo\quakerefresh\build\quakerefresh\qwcl\debug\sys_win.obj
d:\work\stuff\id\quake\repo\quakerefresh\build\quakerefresh\qwcl\debug\view.obj
d:\work\stuff\id\quake\repo\quakerefresh\build\quakerefresh\qwcl\debug\wad.obj
d:\work\stuff\id\quake\repo\quakerefresh\build\quakerefresh\qwcl\debug\zone.obj
d:\work\stuff\id\quake\repo\quakerefresh\build\quakerefresh\qwcl\debug\cl_tent.obj
d:\work\stuff\id\quake\repo\quakerefresh\build\quakerefresh\qwcl\debug\cmd.obj
d:\work\stuff\id\quake\repo\quakerefresh\build\quakerefresh\qwcl\debug\common.obj
d:\work\stuff\id\quake\repo\quakerefresh\build\quakerefresh\qwcl\debug\console.obj
d:\work\stuff\id\quake\repo\quakerefresh\build\quakerefresh\qwcl\debug\crc.obj
d:\work\stuff\id\quake\repo\quakerefresh\build\quakerefresh\qwcl\debug\cvar.obj
d:\work\stuff\id\quake\repo\quakerefresh\build\quakerefresh\qwcl\debug\gl_draw.obj
d:\work\stuff\id\quake\repo\quakerefresh\build\quakerefresh\qwcl\debug\gl_mesh.obj
d:\work\stuff\id\quake\repo\quakerefresh\build\quakerefresh\qwcl\debug\gl_model.obj
d:\work\stuff\id\quake\repo\quakerefresh\build\quakerefresh\qwcl\debug\gl_ngraph.obj
d:\work\stuff\id\quake\repo\quakerefresh\build\quakerefresh\qwcl\debug\gl_refrag.obj
d:\work\stuff\id\quake\repo\quakerefresh\build\quakerefresh\qwcl\debug\gl_rlight.obj
d:\work\stuff\id\quake\repo\quakerefresh\build\quakerefresh\qwcl\debug\gl_rmain.obj
d:\work\stuff\id\quake\repo\quakerefresh\build\quakerefresh\qwcl\debug\gl_rmisc.obj
d:\work\stuff\id\quake\repo\quakerefresh\build\quakerefresh\qwcl\debug\gl_rsurf.obj
d:\work\stuff\id\quake\repo\quakerefresh\build\quakerefresh\qwcl\debug\gl_screen.obj
d:\work\stuff\id\quake\repo\quakerefresh\build\quakerefresh\qwcl\debug\gl_test.obj
d:\work\stuff\id\quake\repo\quakerefresh\build\quakerefresh\qwcl\debug\gl_vidnt.obj
d:\work\stuff\id\quake\repo\quakerefresh\build\quakerefresh\qwcl\debug\gl_warp.obj
d:\work\stuff\id\quake\repo\quakerefresh\build\quakerefresh\qwcl\debug\in_win.obj
d:\work\stuff\id\quake\repo\quakerefresh\build\quakerefresh\qwcl\debug\cd_win.obj
d:\work\stuff\id\quake\repo\quakerefresh\build\quakerefresh\qwcl\debug\cl_cam.obj
d:\work\stuff\id\quake\repo\quakerefresh\build\quakerefresh\qwcl\debug\cl_demo.obj
d:\work\stuff\id\quake\repo\quakerefresh\build\quakerefresh\qwcl\debug\cl_ents.obj
d:\work\stuff\id\quake\repo\quakerefresh\build\quakerefresh\qwcl\debug\cl_input.obj
d:\work\stuff\id\quake\repo\quakerefresh\build\quakerefresh\qwcl\debug\cl_main.obj
d:\work\stuff\id\quake\repo\quakerefresh\build\quakerefresh\qwcl\debug\cl_parse.obj
d:\work\stuff\id\quake\repo\quakerefresh\build\quakerefresh\qwcl\debug\cl_pred.obj
d:\work\stuff\id\quake\repo\quakerefresh\build\quakerefresh\debug\qwcl.ilk
d:\work\stuff\id\quake\repo\quakerefresh\build\quakerefresh\debug\qwcl.exe
d:\work\stuff\id\quake\repo\quakerefresh\build\quakerefresh\debug\qwcl.pdb
d:\work\stuff\id\quake\repo\quakerefresh\build\quakerefresh\qwcl\debug\qwcl.tlog\cl.command.1.tlog
d:\work\stuff\id\quake\repo\quakerefresh\build\quakerefresh\qwcl\debug\qwcl.tlog\cl.read.1.tlog
d:\work\stuff\id\quake\repo\quakerefresh\build\quakerefresh\qwcl\debug\qwcl.tlog\cl.write.1.tlog
d:\work\stuff\id\quake\repo\quakerefresh\build\quakerefresh\qwcl\debug\qwcl.tlog\link.command.1.tlog
d:\work\stuff\id\quake\repo\quakerefresh\build\quakerefresh\qwcl\debug\qwcl.tlog\link.read.1.tlog
d:\work\stuff\id\quake\repo\quakerefresh\build\quakerefresh\qwcl\debug\qwcl.tlog\link.write.1.tlog
